Copyright 1986-2019 Xilinx, Inc. All Rights Reserved.
--------------------------------------------------------------------------------------------------------------------------------------------------------------------------------------------------------------
| Tool Version : Vivado v.2019.1 (win64) Build 2552052 Fri May 24 14:49:42 MDT 2019
| Date         : Fri Jul 30 17:45:52 2021
| Host         : DESKTOP-SJ9P7OU running 64-bit major release  (build 9200)
| Command      : report_methodology -file mux41_gatelevel_dataflow_methodology_drc_routed.rpt -pb mux41_gatelevel_dataflow_methodology_drc_routed.pb -rpx mux41_gatelevel_dataflow_methodology_drc_routed.rpx
| Design       : mux41_gatelevel_dataflow
| Device       : xc7k160tfbg484-1
| Speed File   : -1
| Design State : Fully Routed
--------------------------------------------------------------------------------------------------------------------------------------------------------------------------------------------------------------

Report Methodology

Table of Contents
-----------------
1. REPORT SUMMARY
2. REPORT DETAILS

1. REPORT SUMMARY
-----------------
            Netlist: netlist
          Floorplan: design_1
      Design limits: <entire design considered>
             Max violations: <unlimited>
             Violations found: 0
+------+----------+-------------+------------+
| Rule | Severity | Description | Violations |
+------+----------+-------------+------------+
+------+----------+-------------+------------+

2. REPORT DETAILS
-----------------

